<?xml version="1.0" encoding="UTF-8"?>
<coverage generated="1638879534139" clover="3.2.0">
  <project timestamp="1638879534140" name="All files">
    <metrics statements="14" coveredstatements="14" conditionals="8" coveredconditionals="8" methods="4" coveredmethods="4" elements="26" coveredelements="26" complexity="0" loc="14" ncloc="14" packages="1" files="3" classes="3"/>
    <file name="add.js" path="/Users/kevin/Desktop/BBC_NodeJS/Code/06/add.js">
      <metrics statements="4" coveredstatements="4" conditionals="4" coveredconditionals="4" methods="1" coveredmethods="1"/>
      <line num="2" count="1" type="stmt"/>
      <line num="3" count="6" type="cond" truecount="4" falsecount="0"/>
      <line num="4" count="4" type="stmt"/>
      <line num="6" count="2" type="stmt"/>
    </file>
    <file name="req-prom.js" path="/Users/kevin/Desktop/BBC_NodeJS/Code/06/req-prom.js">
      <metrics statements="6" coveredstatements="6" conditionals="2" coveredconditionals="2" methods="1" coveredmethods="1"/>
      <line num="2" count="1" type="stmt"/>
      <line num="3" count="1" type="stmt"/>
      <line num="4" count="1" type="stmt"/>
      <line num="5" count="2" type="stmt"/>
      <line num="6" count="2" type="cond" truecount="2" falsecount="0"/>
      <line num="7" count="1" type="stmt"/>
    </file>
    <file name="req.js" path="/Users/kevin/Desktop/BBC_NodeJS/Code/06/req.js">
      <metrics statements="4" coveredstatements="4" conditionals="2" coveredconditionals="2" methods="2" coveredmethods="2"/>
      <line num="2" count="1" type="stmt"/>
      <line num="3" count="2" type="stmt"/>
      <line num="4" count="2" type="cond" truecount="2" falsecount="0"/>
      <line num="5" count="1" type="stmt"/>
    </file>
  </project>
</coverage>
